0 info it worked if it ends with ok
1 verbose cli [ 'C:\\Program Files\\nodejs\\node.exe',
1 verbose cli   'C:\\Program Files\\nodejs\\node_modules\\npm\\bin\\npm-cli.js',
1 verbose cli   'run',
1 verbose cli   'dev' ]
2 info using npm@3.10.10
3 info using node@v6.11.1
4 verbose run-script [ 'predev', 'dev', 'postdev' ]
5 info lifecycle test-again@1.0.0~predev: test-again@1.0.0
6 silly lifecycle test-again@1.0.0~predev: no script for predev, continuing
7 info lifecycle test-again@1.0.0~dev: test-again@1.0.0
8 verbose lifecycle test-again@1.0.0~dev: unsafe-perm in lifecycle true
9 verbose lifecycle test-again@1.0.0~dev: PATH: C:\Program Files\nodejs\node_modules\npm\bin\node-gyp-bin;e:\ITCAST-MORE\1118-day06\代码\test-again\node_modules\.bin;D:\Program Files\Java\jdk1.8.0_45\bin;%MYSQL_HOME%\bin;C:\Program Files (x86)\Microsoft SQL Server\100\Tools\Binn\;C:\Program Files\Microsoft SQL Server\100\Tools\Binn\;C:\Program Files\Microsoft SQL Server\100\DTS\Binn\;C:\Program Files\MySQL\MySQL Server 5.5\bin;C:\Program Files\nodejs\;C:\Program Files\Git\cmd;C:\Program Files\TortoiseGit\bin;C:\Program Files\TortoiseSVN\bin;;D:\vscode\Microsoft VS Code\bin;C:\Users\lili\AppData\Roaming\npm
10 verbose lifecycle test-again@1.0.0~dev: CWD: e:\ITCAST-MORE\1118-day06\代码\test-again
11 silly lifecycle test-again@1.0.0~dev: Args: [ '/d /s /c',
11 silly lifecycle   'webpack-dev-server --contentBase src --open --port 8888 -d' ]
12 silly lifecycle test-again@1.0.0~dev: Returned: code: 1  signal: null
13 info lifecycle test-again@1.0.0~dev: Failed to exec dev script
14 verbose stack Error: test-again@1.0.0 dev: `webpack-dev-server --contentBase src --open --port 8888 -d`
14 verbose stack Exit status 1
14 verbose stack     at EventEmitter.<anonymous> (C:\Program Files\nodejs\node_modules\npm\lib\utils\lifecycle.js:255:16)
14 verbose stack     at emitTwo (events.js:106:13)
14 verbose stack     at EventEmitter.emit (events.js:191:7)
14 verbose stack     at ChildProcess.<anonymous> (C:\Program Files\nodejs\node_modules\npm\lib\utils\spawn.js:40:14)
14 verbose stack     at emitTwo (events.js:106:13)
14 verbose stack     at ChildProcess.emit (events.js:191:7)
14 verbose stack     at maybeClose (internal/child_process.js:891:16)
14 verbose stack     at Process.ChildProcess._handle.onexit (internal/child_process.js:226:5)
15 verbose pkgid test-again@1.0.0
16 verbose cwd e:\ITCAST-MORE\1118-day06\代码\test-again
17 error Windows_NT 6.3.9600
18 error argv "C:\\Program Files\\nodejs\\node.exe" "C:\\Program Files\\nodejs\\node_modules\\npm\\bin\\npm-cli.js" "run" "dev"
19 error node v6.11.1
20 error npm  v3.10.10
21 error code ELIFECYCLE
22 error test-again@1.0.0 dev: `webpack-dev-server --contentBase src --open --port 8888 -d`
22 error Exit status 1
23 error Failed at the test-again@1.0.0 dev script 'webpack-dev-server --contentBase src --open --port 8888 -d'.
23 error Make sure you have the latest version of node.js and npm installed.
23 error If you do, this is most likely a problem with the test-again package,
23 error not with npm itself.
23 error Tell the author that this fails on your system:
23 error     webpack-dev-server --contentBase src --open --port 8888 -d
23 error You can get information on how to open an issue for this project with:
23 error     npm bugs test-again
23 error Or if that isn't available, you can get their info via:
23 error     npm owner ls test-again
23 error There is likely additional logging output above.
24 verbose exit [ 1, true ]
